# Preference setting overrides
gui_create_pref_key -category {Globals} -key {load_detail_for_funcov} -value_type {bool} -value {false}
gui_create_pref_category -category {dlg_settings}
gui_create_pref_key -category {dlg_settings} -key {tableWithImmediatePopup} -value_type {bool} -value {true}

# State setting overrides
gui_state_default_create -off -ini
gui_set_state_value -category Globals -key recent_databases -value {{gui_open_db -file /home/warehouse/c.ricciardi/GitHub/ESE488_FinalProject/top/top.vcd -design V1} {gui_open_db -file /home/warehouse/c.ricciardi/GitHub/fall-2017-lab4-chrispricciardi-1/top.vcd -design V1} {gui_open_db -file /home/warehouse/c.ricciardi/GitHub/fall-2017-lab4-chrispricciardi-2/top.vcd -design V1} {gui_open_db -file /home/warehouse/c.ricciardi/GitHub/fall-2017-lab4-chrispricciardi-1/top.vcd -design V2} {gui_open_db -file /home/warehouse/c.ricciardi/GitHub/fall-2017-lab4-chrispricciardi-1/control_tb.vcd -design V1}}
gui_set_state_value -category Layout -key child_console_size_x -value 938
gui_set_state_value -category Layout -key child_console_size_y -value 105
gui_set_state_value -category Layout -key child_data_size_x -value 115
gui_set_state_value -category Layout -key child_data_size_y -value 376
gui_set_state_value -category Layout -key child_hier_col3 -value {-1}
gui_set_state_value -category Layout -key child_hier_colhier -value 166
gui_set_state_value -category Layout -key child_hier_colpd -value 0
gui_set_state_value -category Layout -key child_hier_size_x -value 212
gui_set_state_value -category Layout -key child_hier_size_y -value 376
gui_set_state_value -category Layout -key child_hier_sort_order -value 1
gui_set_state_value -category Layout -key child_list_down -value 201
gui_set_state_value -category Layout -key child_list_right -value 442
gui_set_state_value -category Layout -key child_source_docknewline -value false
gui_set_state_value -category Layout -key child_source_showstate -value normal
gui_set_state_value -category Layout -key child_source_size_x -value 605
gui_set_state_value -category Layout -key child_source_size_y -value 351
gui_set_state_value -category Layout -key child_wave_colname -value 143
gui_set_state_value -category Layout -key child_wave_colvalue -value 138
gui_set_state_value -category Layout -key child_wave_left -value 284
gui_set_state_value -category Layout -key child_wave_right -value 694
gui_set_state_value -category Layout -key main_pos_x -value 390
gui_set_state_value -category Layout -key main_pos_y -value 339
gui_set_state_value -category Layout -key main_size_x -value 1328
gui_set_state_value -category Layout -key main_size_y -value 919
gui_set_state_value -category Layout -key stand_list_child_docknewline -value false
gui_set_state_value -category Layout -key stand_list_child_pos_x -value {-2}
gui_set_state_value -category Layout -key stand_list_child_pos_y -value {-15}
gui_set_state_value -category Layout -key stand_list_child_size_x -value 602
gui_set_state_value -category Layout -key stand_list_child_size_y -value 346
gui_set_state_value -category Layout -key stand_list_top_pos_x -value 503
gui_set_state_value -category Layout -key stand_list_top_pos_y -value 132
gui_set_state_value -category Layout -key stand_list_top_size_y -value 629
gui_set_state_value -category Layout -key stand_wave_child_docknewline -value false
gui_set_state_value -category Layout -key stand_wave_child_pos_x -value {-2}
gui_set_state_value -category Layout -key stand_wave_child_pos_y -value {-15}
gui_set_state_value -category Layout -key stand_wave_child_size_x -value 988
gui_set_state_value -category Layout -key stand_wave_child_size_y -value 573
gui_set_state_value -category Layout -key stand_wave_top_pos_x -value 507
gui_set_state_value -category Layout -key stand_wave_top_pos_y -value 213
gui_set_state_value -category Layout -key stand_wave_top_size_x -value 1490
gui_set_state_value -category Layout -key stand_wave_top_size_y -value 890
gui_create_state_key -category FindDialog -key m_pMatchCase -value_type bool -value false
gui_create_state_key -category FindDialog -key m_pMatchWord -value_type bool -value false
gui_create_state_key -category FindDialog -key m_pUseCombo -value_type string -value {}
gui_create_state_key -category FindDialog -key m_pWrapAround -value_type bool -value true
gui_state_default_create -off

# Begin command logging
gui_open_db -file /home/warehouse/c.ricciardi/GitHub/ESE488_FinalProject/sigmoid/sigmoid.vcd -design V1
gui_list_expand -id  Hier.1   sigmoid_tb
gui_list_select -id Hier.1 -current_item_name sigmoid_tb.DUT -current_item_type Scope  -selected  { sigmoid_tb.DUT   }
gui_open_window Wave
gui_list_add -id Wave.1 -from Hier.1 { sigmoid_tb.DUT } -insertionbar
gui_zoom -window Wave.1 -full
gui_wv_zoom_timerange -id  Wave.1 29955 64591
gui_wv_zoom_timerange -id  Wave.1 45650 54604
gui_zoom -window Wave.1 -factor 0.5
gui_zoom -window Wave.1 -factor 0.5
gui_zoom -window Wave.1 -factor 0.5
gui_zoom -window Wave.1 -factor 0.5
gui_zoom -window Wave.1 -factor 0.5
gui_zoom -window Wave.1 -factor 2
gui_wv_zoom_timerange -id  Wave.1 0 167106
gui_wv_zoom_timerange -id  Wave.1 0 161145
gui_list_select -id Wave.1 -selected  { {sigmoid_tb.DUT.sig_out[15:0]}   }
gui_list_select -id Wave.1 -selected  { {sigmoid_tb.DUT.sig_in[15:0]}  {sigmoid_tb.DUT.sig_out[15:0]}   }
gui_list_select -id Wave.1 -selected  { {sigmoid_tb.DUT.sig_out[15:0]}   }
gui_list_set_selected_property -id Wave.1 -radix binary
gui_list_select -id Wave.1 -selected  { {sigmoid_tb.DUT.sig_in[15:0]}   }
gui_list_set_selected_property -id Wave.1 -radix binary
gui_zoom -window Wave.1 -factor 2
gui_wv_scroll_hslidermove -id  Wave.1 356
gui_wv_zoom_timerange -id  Wave.1 37892 118465
gui_wv_zoom_timerange -id  Wave.1 37892 118465
gui_wv_zoom_timerange -id  Wave.1 37892 118359
gui_wv_zoom_timerange -id  Wave.1 37892 118359
gui_wv_zoom_timerange -id  Wave.1 37892 118252
gui_wv_zoom_timerange -id  Wave.1 37892 117933
gui_wv_zoom_timerange -id  Wave.1 37892 117826
gui_wv_zoom_timerange -id  Wave.1 37892 117507
gui_wv_zoom_timerange -id  Wave.1 37892 117294
gui_wv_zoom_timerange -id  Wave.1 37892 116975
gui_wv_zoom_timerange -id  Wave.1 37892 116975
gui_wv_zoom_timerange -id  Wave.1 37892 116868
gui_wv_zoom_timerange -id  Wave.1 37892 116656
gui_wv_zoom_timerange -id  Wave.1 37892 116230
gui_wv_zoom_timerange -id  Wave.1 37892 116017
gui_wv_zoom_timerange -id  Wave.1 37892 115804
gui_wv_zoom_timerange -id  Wave.1 37892 115485
gui_wv_zoom_timerange -id  Wave.1 37892 115378
gui_wv_zoom_timerange -id  Wave.1 37892 115272
gui_wv_zoom_timerange -id  Wave.1 37892 115059
gui_wv_zoom_timerange -id  Wave.1 37892 114740
gui_wv_zoom_timerange -id  Wave.1 37892 114633
gui_wv_zoom_timerange -id  Wave.1 37892 114208
gui_wv_zoom_timerange -id  Wave.1 37892 114101
gui_wv_zoom_timerange -id  Wave.1 37892 113888
gui_wv_zoom_timerange -id  Wave.1 37892 113675
gui_wv_zoom_timerange -id  Wave.1 37892 113569
gui_wv_zoom_timerange -id  Wave.1 37892 113569
gui_wv_zoom_timerange -id  Wave.1 37892 113462
gui_wv_zoom_timerange -id  Wave.1 37892 113250
gui_wv_zoom_timerange -id  Wave.1 37892 113250
gui_wv_scroll_hslidermove -id  Wave.1 0
gui_wv_scroll_hslidermove -id  Wave.1 361
gui_close_window -window TopLevel.2
gui_close_db -file /home/warehouse/c.ricciardi/GitHub/ESE488_FinalProject/sigmoid/sigmoid.vcd.vpd -design V1
gui_open_db -file /home/warehouse/c.ricciardi/GitHub/ESE488_FinalProject/sigmoid/sigmoid.vcd -design V1
gui_list_select -id Hier.1 -current_item_name sigmoid_tb -current_item_type Scope  -selected  { sigmoid_tb   }
gui_list_expand -id  Hier.1   sigmoid_tb
gui_list_select -id Hier.1 -current_item_name sigmoid_tb.DUT -current_item_type Scope  -selected  { sigmoid_tb.DUT   }
gui_list_select -id Hier.1 -current_item_name sigmoid_tb -current_item_type Scope  -selected  { sigmoid_tb   }
gui_list_select -id Hier.1 -current_item_name sigmoid_tb.DUT -current_item_type Scope  -selected  { sigmoid_tb.DUT   }
gui_list_select -id Hier.1 -current_item_name sigmoid_tb -current_item_type Scope  -selected  { sigmoid_tb   }
gui_list_select -id Hier.1 -current_item_name sigmoid_tb.DUT -current_item_type Scope  -selected  { sigmoid_tb.DUT   }
gui_list_select -id Hier.1 -current_item_name sigmoid_tb -current_item_type Scope  -selected  { sigmoid_tb   }
gui_open_window Wave
gui_list_add -id Wave.1 -from Hier.1 { sigmoid_tb } -insertionbar
gui_zoom -window Wave.1 -full
gui_wv_zoom_timerange -id  Wave.1 0 270429
gui_wv_zoom_timerange -id  Wave.1 0 276010
gui_wv_zoom_timerange -id  Wave.1 0 280302
gui_wv_zoom_timerange -id  Wave.1 0 286741
gui_wv_zoom_timerange -id  Wave.1 0 288887
gui_wv_zoom_timerange -id  Wave.1 0 295326
gui_wv_zoom_timerange -id  Wave.1 0 299189
gui_wv_zoom_timerange -id  Wave.1 0 303482
gui_wv_zoom_timerange -id  Wave.1 0 307774
gui_wv_zoom_timerange -id  Wave.1 0 309921
gui_wv_zoom_timerange -id  Wave.1 0 313355
gui_wv_zoom_timerange -id  Wave.1 0 314213
gui_wv_zoom_timerange -id  Wave.1 0 316359
gui_wv_zoom_timerange -id  Wave.1 0 318506
gui_wv_zoom_timerange -id  Wave.1 0 321940
gui_wv_zoom_timerange -id  Wave.1 0 323657
gui_wv_zoom_timerange -id  Wave.1 0 327949
gui_wv_zoom_timerange -id  Wave.1 0 329237
gui_wv_zoom_timerange -id  Wave.1 0 330095
gui_wv_zoom_timerange -id  Wave.1 0 330954
gui_wv_zoom_timerange -id  Wave.1 0 332242
gui_wv_zoom_timerange -id  Wave.1 0 334388
gui_wv_zoom_timerange -id  Wave.1 0 335246
gui_wv_zoom_timerange -id  Wave.1 0 337393
gui_wv_zoom_timerange -id  Wave.1 0 337822
gui_wv_zoom_timerange -id  Wave.1 0 338680
gui_wv_zoom_timerange -id  Wave.1 0 339539
gui_wv_zoom_timerange -id  Wave.1 0 339110
gui_wv_zoom_timerange -id  Wave.1 0 338680
gui_wv_zoom_timerange -id  Wave.1 0 337822
gui_wv_zoom_timerange -id  Wave.1 0 337393
gui_wv_zoom_timerange -id  Wave.1 0 336963
gui_wv_zoom_timerange -id  Wave.1 0 336534
gui_wv_zoom_timerange -id  Wave.1 0 336105
gui_wv_zoom_timerange -id  Wave.1 0 336105
gui_wv_zoom_timerange -id  Wave.1 0 335676
gui_wv_zoom_timerange -id  Wave.1 0 335246
gui_wv_zoom_timerange -id  Wave.1 0 335246
gui_list_select -id Hier.1 -current_item_name sigmoid_tb -current_item_type Scope  -selected  {  }
gui_close_window -window TopLevel.2
gui_close_db -file /home/warehouse/c.ricciardi/GitHub/ESE488_FinalProject/sigmoid/sigmoid.vcd.vpd -design V1
gui_open_db -file /home/warehouse/c.ricciardi/GitHub/ESE488_FinalProject/sigmoid/sigmoid.vcd -design V1
gui_list_select -id Hier.1 -current_item_name sigmoid_tb -current_item_type Scope  -selected  { sigmoid_tb   }
gui_list_expand -id  Hier.1   sigmoid_tb
gui_open_window Wave
gui_list_add -id Wave.1 -from Hier.1 { sigmoid_tb } -insertionbar
gui_zoom -window Wave.1 -full
gui_close_window -window TopLevel.2
gui_list_select -id Hier.1 -current_item_name sigmoid_tb -current_item_type Scope  -selected  {  }
gui_list_select -id Hier.1 -current_item_name sigmoid_tb.DUT -current_item_type Scope  -selected  { sigmoid_tb.DUT   }
gui_open_window Wave
gui_list_add -id Wave.1 -from Hier.1 { sigmoid_tb.DUT } -insertionbar
gui_zoom -window Wave.1 -full
gui_close_window -window TopLevel.2
gui_update_design -all
gui_close_db -file /home/warehouse/c.ricciardi/GitHub/ESE488_FinalProject/sigmoid/sigmoid.vcd.vpd -design V1
gui_open_db -file /home/warehouse/c.ricciardi/GitHub/ESE488_FinalProject/mac/mac.vcd -design V1
gui_list_expand -id  Hier.1   mac_tb
gui_list_expand -id  Hier.1   mac_tb.DUT
gui_list_select -id Hier.1 -current_item_name mac_tb.DUT.mult1 -current_item_type Scope  -selected  { mac_tb.DUT.mult1   }
gui_open_window Wave
gui_list_add -id Wave.1 -from Hier.1 { mac_tb.DUT.mult1 } -insertionbar
gui_close_window -window TopLevel.2
gui_open_window Wave
gui_list_add -id Wave.1 -from Hier.1 { mac_tb.DUT.mult1 } -insertionbar
gui_zoom -window Wave.1 -full
gui_close_window -window TopLevel.2
gui_list_select -id Hier.1 -current_item_name mac_tb.DUT -current_item_type Scope  -selected  { mac_tb.DUT   }
gui_open_window Wave
gui_list_add -id Wave.1 -from Hier.1 { mac_tb.DUT } -insertionbar
gui_zoom -window Wave.1 -full
gui_wv_zoom_timerange -id  Wave.1 249243 472571
gui_wv_scroll_hslidermove -id  Wave.1 774
gui_list_select -id Wave.1 -selected  { {mac_tb.DUT.mac_in[15:0]}   }
gui_list_select -id Wave.1 -selected  { {mac_tb.DUT.weight[15:0]}   }
gui_wv_scroll_hslidermove -id  Wave.1 0
gui_close_window -window TopLevel.2
gui_close_db -file /home/warehouse/c.ricciardi/GitHub/ESE488_FinalProject/mac/mac.vcd.vpd -design V1
gui_open_db -file /home/warehouse/c.ricciardi/GitHub/ESE488_FinalProject/sigmoid/sigmoid.vcd -design V1
gui_list_select -id Hier.1 -current_item_name sigmoid_tb -current_item_type Scope  -selected  { sigmoid_tb   }
gui_open_window Wave
gui_list_add -id Wave.1 -from Hier.1 { sigmoid_tb } -insertionbar
gui_zoom -window Wave.1 -full
