# Preference setting overrides
gui_create_pref_key -category {Globals} -key {load_detail_for_funcov} -value_type {bool} -value {false}
gui_create_pref_category -category {dlg_settings}
gui_create_pref_key -category {dlg_settings} -key {tableWithImmediatePopup} -value_type {bool} -value {true}

# State setting overrides
gui_state_default_create -off -ini
gui_set_state_value -category Globals -key recent_databases -value {{gui_open_db -file /home/warehouse/c.ricciardi/GitHub/ESE488_FinalProject/top/top.vcd -design V1} {gui_open_db -file /home/warehouse/c.ricciardi/GitHub/ESE488_FinalProject/top/top.vcd.vpd -design V1} {gui_open_db -file /home/warehouse/c.ricciardi/GitHub/ESE488_FinalProject/mac/mac.vcd -design V1} {gui_open_db -file /home/warehouse/c.ricciardi/GitHub/ESE488_FinalProject/mult/mult.vcd -design V1} {gui_open_db -file /home/warehouse/c.ricciardi/GitHub/ESE488_FinalProject/sigmoid/sigmoid.vcd -design V1}}
gui_set_state_value -category Layout -key child_console_size_x -value 932
gui_set_state_value -category Layout -key child_console_size_y -value 105
gui_set_state_value -category Layout -key child_data_size_x -value 110
gui_set_state_value -category Layout -key child_data_size_y -value 370
gui_set_state_value -category Layout -key child_hier_col3 -value {-1}
gui_set_state_value -category Layout -key child_hier_colhier -value 166
gui_set_state_value -category Layout -key child_hier_colpd -value 0
gui_set_state_value -category Layout -key child_hier_size_x -value 207
gui_set_state_value -category Layout -key child_hier_size_y -value 370
gui_set_state_value -category Layout -key child_hier_sort_order -value 1
gui_set_state_value -category Layout -key child_list_down -value 201
gui_set_state_value -category Layout -key child_list_right -value 442
gui_set_state_value -category Layout -key child_source_docknewline -value false
gui_set_state_value -category Layout -key child_source_showstate -value normal
gui_set_state_value -category Layout -key child_source_size_x -value 610
gui_set_state_value -category Layout -key child_source_size_y -value 345
gui_set_state_value -category Layout -key child_wave_colname -value 156
gui_set_state_value -category Layout -key child_wave_colvalue -value 156
gui_set_state_value -category Layout -key child_wave_left -value 317
gui_set_state_value -category Layout -key child_wave_right -value 773
gui_set_state_value -category Layout -key main_pos_x -value 85
gui_set_state_value -category Layout -key main_pos_y -value 205
gui_set_state_value -category Layout -key main_size_x -value 1017
gui_set_state_value -category Layout -key main_size_y -value 779
gui_set_state_value -category Layout -key stand_list_child_docknewline -value false
gui_set_state_value -category Layout -key stand_list_child_pos_x -value {-2}
gui_set_state_value -category Layout -key stand_list_child_pos_y -value {-15}
gui_set_state_value -category Layout -key stand_list_child_size_x -value 602
gui_set_state_value -category Layout -key stand_list_child_size_y -value 346
gui_set_state_value -category Layout -key stand_list_top_pos_x -value 503
gui_set_state_value -category Layout -key stand_list_top_pos_y -value 132
gui_set_state_value -category Layout -key stand_list_top_size_y -value 629
gui_set_state_value -category Layout -key stand_source_child_docknewline -value false
gui_set_state_value -category Layout -key stand_source_child_showstate -value normal
gui_set_state_value -category Layout -key stand_source_child_size_x -value 607
gui_set_state_value -category Layout -key stand_source_child_size_y -value 350
gui_set_state_value -category Layout -key stand_wave_child_docknewline -value false
gui_set_state_value -category Layout -key stand_wave_child_pos_x -value {-2}
gui_set_state_value -category Layout -key stand_wave_child_pos_y -value {-15}
gui_set_state_value -category Layout -key stand_wave_child_size_x -value 1100
gui_set_state_value -category Layout -key stand_wave_child_size_y -value 601
gui_set_state_value -category Layout -key stand_wave_top_pos_x -value 807
gui_set_state_value -category Layout -key stand_wave_top_pos_y -value 223
gui_set_state_value -category Layout -key stand_wave_top_size_x -value 1902
gui_set_state_value -category Layout -key stand_wave_top_size_y -value 928
gui_create_state_key -category FindDialog -key m_pMatchCase -value_type bool -value false
gui_create_state_key -category FindDialog -key m_pMatchWord -value_type bool -value false
gui_create_state_key -category FindDialog -key m_pUseCombo -value_type string -value {}
gui_create_state_key -category FindDialog -key m_pWrapAround -value_type bool -value true
gui_state_default_create -off

# Begin command logging
gui_open_db -file /home/warehouse/c.ricciardi/GitHub/ESE488_FinalProject/top/top.vcd -design V1
gui_list_expand -id  Hier.1   top_tb
gui_list_select -id Hier.1 -current_item_name top_tb.DUT -current_item_type Scope  -selected  { top_tb.DUT   }
gui_list_expand -id  Hier.1   top_tb.DUT
gui_list_collapse -id  Hier.1   top_tb.DUT
gui_list_collapse -id  Hier.1   top_tb
gui_list_expand -id  Hier.1   top_tb
gui_list_expand -id  Hier.1   top_tb.DUT
gui_open_window Wave
gui_list_add -id Wave.1 -from Hier.1 { top_tb.DUT } -insertionbar
gui_zoom -window Wave.1 -full
gui_wv_zoom_timerange -id  Wave.1 0 3140485632
gui_wv_zoom_timerange -id  Wave.1 0 3144656263
gui_wv_zoom_timerange -id  Wave.1 0 3453283005
gui_wv_zoom_timerange -id  Wave.1 0 3674326483
gui_wv_zoom_timerange -id  Wave.1 0 4003806383
gui_wv_zoom_timerange -id  Wave.1 0 4475087759
gui_wv_zoom_timerange -id  Wave.1 0 4596036077
gui_list_select -id Wave.1 -selected  { {top_tb.DUT.address_3[9:0]}   }
gui_list_select -id Wave.1 -selected  { {top_tb.DUT.address_2[11:0]}   }
gui_wv_zoom_timerange -id  Wave.1 237726004 1255360126
gui_wv_zoom_timerange -id  Wave.1 355525533 550371993
gui_wv_scroll_hslidermove -id  Wave.1 0
gui_wv_scroll_hslidermove -id  Wave.1 16636
gui_wv_scroll_hslidermove -id  Wave.1 16636
gui_wv_zoom_timerange -id  Wave.1 2961595467 3019412883
gui_wv_zoom_timerange -id  Wave.1 2975970481 2984679820
gui_wv_zoom_timerange -id  Wave.1 2978609744 2980783128
gui_wv_zoom_timerange -id  Wave.1 2979419548 2979884991
gui_wv_zoom_timerange -id  Wave.1 2979598831 2979684570
gui_wv_scrollright -id  Wave.1  page
gui_close_window -window TopLevel.2
gui_open_window Wave
gui_list_add -id Wave.1 -from Hier.1 { top_tb.DUT } -insertionbar
gui_zoom -window Wave.1 -full
gui_close_window -window TopLevel.2
gui_close_db -file /home/warehouse/c.ricciardi/GitHub/ESE488_FinalProject/top/top.vcd.vpd -design V1
gui_open_db -file /home/warehouse/c.ricciardi/GitHub/ESE488_FinalProject/top/top.vcd -design V1
gui_list_select -id Hier.1 -current_item_name top_tb -current_item_type Scope  -selected  { top_tb   }
gui_open_window Wave
gui_list_add -id Wave.1 -from Hier.1 { top_tb } -insertionbar
gui_zoom -window Wave.1 -full
gui_list_select -id Wave.1 -selected  { {top_tb.address_3[9:0]}   }
gui_marker_move -id  Wave.1 C1 172620000
gui_wv_zoom_timerange -id  Wave.1 0 558326739
gui_wv_zoom_timerange -id  Wave.1 0 84687162
gui_wv_scroll_hslidermove -id  Wave.1 39674
gui_wv_scroll_hslidermove -id  Wave.1 33995
gui_list_select -id Wave.1 -selected  { top_tb.mac1_done   }
gui_list_select -id Wave.1 -selected  { top_tb.mac2_done   }
gui_wv_scroll_hslidermove -id  Wave.1 0
gui_list_select -id Wave.1 -selected  { top_tb.mac2_start   }
gui_list_select -id Wave.1 -selected  { top_tb.mac1_start   }
gui_close_window -window TopLevel.2
gui_list_expand -id  Hier.1   top_tb
gui_list_expand -id  Hier.1   top_tb.DUT
gui_list_select -id Hier.1 -current_item_name top_tb.DUT.MAC1 -current_item_type Scope  -selected  { top_tb.DUT.MAC1   }
gui_open_window Wave
gui_list_add -id Wave.1 -from Hier.1 { top_tb.DUT.MAC1 } -insertionbar
gui_zoom -window Wave.1 -full
gui_wv_zoom_timerange -id  Wave.1 0 128303795
gui_wv_zoom_timerange -id  Wave.1 0 22628124
gui_close_window -window TopLevel.2
gui_list_select -id Hier.1 -current_item_name top_tb.DUT.MAC2 -current_item_type Scope  -selected  { top_tb.DUT.MAC2   }
gui_open_window Wave
gui_list_add -id Wave.1 -from Hier.1 { top_tb.DUT.MAC2 } -insertionbar
gui_zoom -window Wave.1 -full
gui_close_window -window TopLevel.2
gui_list_select -id Hier.1 -current_item_name top_tb.DUT.MAC1 -current_item_type Scope  -selected  { top_tb.DUT.MAC1   }
gui_list_select -id Hier.1 -current_item_name top_tb.DUT.MAC2 -current_item_type Scope  -selected  { top_tb.DUT.MAC2   }
gui_open_window Wave
gui_list_add -id Wave.1 -from Hier.1 { top_tb.DUT.MAC2 } -insertionbar
gui_zoom -window Wave.1 -full
gui_wv_zoom_timerange -id  Wave.1 0 199947222
gui_close_window -window TopLevel.2
gui_list_select -id Hier.1 -current_item_name top_tb.DUT.MAC2_1 -current_item_type Scope  -selected  { top_tb.DUT.MAC2_1   }
gui_open_window Wave
gui_list_add -id Wave.1 -from Hier.1 { top_tb.DUT.MAC2_1 } -insertionbar
gui_zoom -window Wave.1 -full
gui_wv_zoom_timerange -id  Wave.1 0 625549167
gui_list_select -id Wave.1 -selected  { {top_tb.DUT.MAC2_1.mult_out[15:0]}   }
gui_list_select -id Wave.1 -selected  { top_tb.DUT.MAC2_1.mac2_sel   }
gui_close_window -window TopLevel.2
gui_list_select -id Hier.1 -current_item_name top_tb.DUT.MAC1 -current_item_type Scope  -selected  { top_tb.DUT.MAC1   }
gui_open_window Wave
gui_list_add -id Wave.1 -from Hier.1 { top_tb.DUT.MAC1 } -insertionbar
gui_zoom -window Wave.1 -full
gui_marker_select -id  Wave.1 { C1 }
gui_marker_move -id  Wave.1 C1 0
gui_wv_zoom_timerange -id  Wave.1 0 403117972
gui_list_select -id Wave.1 -selected  { top_tb.DUT.MAC1.start   }
gui_wv_zoom_timerange -id  Wave.1 0 69452413
gui_wv_zoom_timerange -id  Wave.1 9939862 25261178
gui_close_window -window TopLevel.2
