# Preference setting overrides
gui_create_pref_key -category {Globals} -key {load_detail_for_funcov} -value_type {bool} -value {false}
gui_create_pref_category -category {dlg_settings}
gui_create_pref_key -category {dlg_settings} -key {tableWithImmediatePopup} -value_type {bool} -value {true}

# State setting overrides
gui_state_default_create -off -ini
gui_set_state_value -category Globals -key recent_databases -value {{gui_open_db -file /home/warehouse/c.ricciardi/GitHub/ESE488_FinalProject/top/top.vcd.vpd -design V1} {gui_open_db -file /home/warehouse/c.ricciardi/GitHub/ESE488_FinalProject/top/top.vcd -design V1} {gui_open_db -file /home/warehouse/c.ricciardi/GitHub/ESE488_FinalProject/mac/mac.vcd -design V1} {gui_open_db -file /home/warehouse/c.ricciardi/GitHub/ESE488_FinalProject/mult/mult.vcd -design V1} {gui_open_db -file /home/warehouse/c.ricciardi/GitHub/ESE488_FinalProject/sigmoid/sigmoid.vcd -design V1}}
gui_set_state_value -category Layout -key child_console_size_x -value 933
gui_set_state_value -category Layout -key child_console_size_y -value 105
gui_set_state_value -category Layout -key child_data_size_x -value 111
gui_set_state_value -category Layout -key child_data_size_y -value 371
gui_set_state_value -category Layout -key child_hier_col3 -value {-1}
gui_set_state_value -category Layout -key child_hier_colhier -value 166
gui_set_state_value -category Layout -key child_hier_colpd -value 0
gui_set_state_value -category Layout -key child_hier_size_x -value 208
gui_set_state_value -category Layout -key child_hier_size_y -value 371
gui_set_state_value -category Layout -key child_hier_sort_order -value 1
gui_set_state_value -category Layout -key child_list_down -value 201
gui_set_state_value -category Layout -key child_list_right -value 442
gui_set_state_value -category Layout -key child_source_docknewline -value false
gui_set_state_value -category Layout -key child_source_showstate -value normal
gui_set_state_value -category Layout -key child_source_size_x -value 609
gui_set_state_value -category Layout -key child_source_size_y -value 346
gui_set_state_value -category Layout -key child_wave_colname -value 158
gui_set_state_value -category Layout -key child_wave_colvalue -value 158
gui_set_state_value -category Layout -key child_wave_left -value 320
gui_set_state_value -category Layout -key child_wave_right -value 781
gui_set_state_value -category Layout -key main_pos_x -value 84
gui_set_state_value -category Layout -key main_pos_y -value 171
gui_set_state_value -category Layout -key main_size_x -value 1017
gui_set_state_value -category Layout -key main_size_y -value 746
gui_set_state_value -category Layout -key stand_list_child_docknewline -value false
gui_set_state_value -category Layout -key stand_list_child_pos_x -value {-2}
gui_set_state_value -category Layout -key stand_list_child_pos_y -value {-15}
gui_set_state_value -category Layout -key stand_list_child_size_x -value 602
gui_set_state_value -category Layout -key stand_list_child_size_y -value 346
gui_set_state_value -category Layout -key stand_list_top_pos_x -value 503
gui_set_state_value -category Layout -key stand_list_top_pos_y -value 132
gui_set_state_value -category Layout -key stand_list_top_size_y -value 629
gui_set_state_value -category Layout -key stand_source_child_docknewline -value false
gui_set_state_value -category Layout -key stand_source_child_showstate -value normal
gui_set_state_value -category Layout -key stand_source_child_size_x -value 607
gui_set_state_value -category Layout -key stand_source_child_size_y -value 350
gui_set_state_value -category Layout -key stand_wave_child_docknewline -value false
gui_set_state_value -category Layout -key stand_wave_child_pos_x -value {-2}
gui_set_state_value -category Layout -key stand_wave_child_pos_y -value {-15}
gui_set_state_value -category Layout -key stand_wave_child_size_x -value 1111
gui_set_state_value -category Layout -key stand_wave_child_size_y -value 612
gui_set_state_value -category Layout -key stand_wave_top_pos_x -value 679
gui_set_state_value -category Layout -key stand_wave_top_pos_y -value 210
gui_set_state_value -category Layout -key stand_wave_top_size_x -value 1785
gui_set_state_value -category Layout -key stand_wave_top_size_y -value 926
gui_create_state_key -category FindDialog -key m_pMatchCase -value_type bool -value false
gui_create_state_key -category FindDialog -key m_pMatchWord -value_type bool -value false
gui_create_state_key -category FindDialog -key m_pUseCombo -value_type string -value {}
gui_create_state_key -category FindDialog -key m_pWrapAround -value_type bool -value true
gui_state_default_create -off

# Begin command logging
gui_open_db -file /home/warehouse/c.ricciardi/GitHub/ESE488_FinalProject/top/top.vcd -design V1
gui_list_expand -id  Hier.1   top_tb
gui_list_expand -id  Hier.1   top_tb.DUT
gui_list_select -id Hier.1 -current_item_name top_tb.DUT.SIGMOID1 -current_item_type Scope  -selected  { top_tb.DUT.SIGMOID1   }
gui_list_action -id  Hier.1 top_tb.DUT.SIGMOID1
gui_open_window Wave
gui_list_add -id Wave.1 -from Hier.1 { top_tb.DUT.SIGMOID1 } -insertionbar
gui_zoom -window Wave.1 -full
gui_list_select -id Wave.1 -selected  { {top_tb.DUT.SIGMOID1.sig_in[15:0]}   }
gui_marker_move -id  Wave.1 C1 14106861
gui_list_select -id Wave.1 -selected  { top_tb.DUT.SIGMOID1.done   }
gui_close_window -window TopLevel.2
gui_close_db -file /home/warehouse/c.ricciardi/GitHub/ESE488_FinalProject/top/top.vcd.vpd -design V1
gui_open_db -file /home/warehouse/c.ricciardi/GitHub/ESE488_FinalProject/top/top.vcd -design V1
gui_list_expand -id  Hier.1   top_tb
gui_list_expand -id  Hier.1   top_tb.DUT
gui_list_select -id Hier.1 -current_item_name top_tb.DUT.SIGMOID10 -current_item_type Scope  -selected  { top_tb.DUT.SIGMOID10   }
gui_list_select -id Hier.1 -current_item_name top_tb.DUT.SIGMOID1 -current_item_type Scope  -selected  { top_tb.DUT.SIGMOID1   }
gui_open_window Wave
gui_list_add -id Wave.1 -from Hier.1 { top_tb.DUT.SIGMOID1 } -insertionbar
gui_zoom -window Wave.1 -full
gui_close_window -window TopLevel.2
gui_list_select -id Hier.1 -current_item_name top_tb.DUT -current_item_type Scope  -selected  { top_tb.DUT   }
gui_list_select -id Hier.1 -current_item_name top_tb -current_item_type Scope  -selected  { top_tb   }
gui_open_window Wave
gui_list_add -id Wave.1 -from Hier.1 { top_tb } -insertionbar
gui_zoom -window Wave.1 -full
gui_wv_zoom_timerange -id  Wave.1 13857889 16001076
gui_wv_zoom_timerange -id  Wave.1 15552930 15857890
gui_list_select -id Wave.1 -selected  { {top_tb.address_3[9:0]}   }
gui_close_window -window TopLevel.2
gui_close_db -file /home/warehouse/c.ricciardi/GitHub/ESE488_FinalProject/top/top.vcd.vpd -design V1
gui_open_db -file /home/warehouse/c.ricciardi/GitHub/ESE488_FinalProject/top/top.vcd -design V1
gui_list_expand -id  Hier.1   top_tb
gui_list_select -id Hier.1 -current_item_name top_tb.DUT -current_item_type Scope  -selected  { top_tb.DUT   }
gui_list_select -id Hier.1 -current_item_name top_tb -current_item_type Scope  -selected  { top_tb   }
gui_open_window Wave
gui_list_add -id Wave.1 -from Hier.1 { top_tb } -insertionbar
gui_zoom -window Wave.1 -full
gui_wv_zoom_timerange -id  Wave.1 14386781 16200950
gui_wv_zoom_timerange -id  Wave.1 15626266 16078611
gui_close_window -window TopLevel.2
gui_list_expand -id  Hier.1   top_tb.DUT
gui_list_select -id Hier.1 -current_item_name top_tb.DUT.SIGMOID1 -current_item_type Scope  -selected  { top_tb.DUT.SIGMOID1   }
gui_open_window Wave
gui_list_add -id Wave.1 -from Hier.1 { top_tb.DUT.SIGMOID1 } -insertionbar
gui_zoom -window Wave.1 -full
gui_wv_zoom_timerange -id  Wave.1 15039472 16201229
gui_list_select -id Wave.1 -selected  { {top_tb.DUT.SIGMOID1.sig_out[15:0]}   }
gui_marker_move -id  Wave.1 C1 15168832
gui_marker_move -id  Wave.1 C1 15509533
gui_close_window -window TopLevel.2
gui_close_db -file /home/warehouse/c.ricciardi/GitHub/ESE488_FinalProject/top/top.vcd.vpd -design V1
gui_open_db -file /home/warehouse/c.ricciardi/GitHub/ESE488_FinalProject/top/top.vcd -design V1
gui_list_expand -id  Hier.1   top_tb
gui_list_expand -id  Hier.1   top_tb.DUT
gui_list_select -id Hier.1 -current_item_name top_tb.DUT.SIGMOID1 -current_item_type Scope  -selected  { top_tb.DUT.SIGMOID1   }
gui_open_window Wave
gui_list_add -id Wave.1 -from Hier.1 { top_tb.DUT.SIGMOID1 } -insertionbar
gui_zoom -window Wave.1 -full
gui_wv_zoom_timerange -id  Wave.1 14574769 16032246
gui_wv_zoom_timerange -id  Wave.1 15772327 16030322
gui_list_select -id Wave.1 -selected  { {top_tb.DUT.SIGMOID1.sig_out[15:0]}   }
gui_list_set_selected_property -id Wave.1 -radix binary
gui_zoom -window Wave.1 -factor 2
gui_wv_scrollleft -id  Wave.1  line
gui_wv_scrollleft -id  Wave.1  line
gui_wv_scrollleft -id  Wave.1  line
gui_wv_scrollleft -id  Wave.1  line
gui_wv_scrollleft -id  Wave.1  line
gui_wv_scrollleft -id  Wave.1  line
gui_wv_scrollleft -id  Wave.1  line
gui_wv_scrollleft -id  Wave.1  line
gui_wv_scrollleft -id  Wave.1  line
gui_wv_scrollleft -id  Wave.1  line
gui_marker_move -id  Wave.1 C1 15797010
gui_marker_move -id  Wave.1 C1 15839612
gui_list_select -id Wave.1 -selected  { {top_tb.DUT.SIGMOID1.y[15:0]}   }
gui_list_set_selected_property -id Wave.1 -radix binary
gui_marker_move -id  Wave.1 C1 15863639
gui_marker_move -id  Wave.1 C1 15785763
gui_list_select -id Wave.1 -selected  { top_tb.DUT.SIGMOID1.done   }
gui_marker_move -id  Wave.1 C1 15859549
gui_list_select -id Wave.1 -selected  {  }
gui_close_window -window TopLevel.2
gui_close_db -file /home/warehouse/c.ricciardi/GitHub/ESE488_FinalProject/top/top.vcd.vpd -design V1
gui_open_db -file /home/warehouse/c.ricciardi/GitHub/ESE488_FinalProject/top/top.vcd -design V1
gui_list_expand -id  Hier.1   top_tb
gui_list_expand -id  Hier.1   top_tb.DUT
gui_list_select -id Hier.1 -current_item_name top_tb.DUT -current_item_type Scope  -selected  { top_tb.DUT   }
gui_open_window Wave
gui_list_add -id Wave.1 -from Hier.1 { top_tb.DUT } -insertionbar
gui_close_window -window TopLevel.2
gui_list_select -id Hier.1 -current_item_name top_tb.DUT.SIGMOID1 -current_item_type Scope  -selected  { top_tb.DUT.SIGMOID1   }
gui_open_window Wave
gui_list_add -id Wave.1 -from Hier.1 { top_tb.DUT.SIGMOID1 } -insertionbar
gui_zoom -window Wave.1 -full
gui_wv_zoom_timerange -id  Wave.1 10921669 19018768
gui_wv_scroll_hslidermove -id  Wave.1 1139
gui_wv_zoom_timerange -id  Wave.1 15175358 18081734
gui_wv_zoom_timerange -id  Wave.1 15467310 16672205
gui_wv_zoom_timerange -id  Wave.1 15797690 16193470
gui_marker_move -id  Wave.1 C1 16036167
gui_marker_move -id  Wave.1 C1 15993181
gui_wv_zoom_timerange -id  Wave.1 15821764 15875758
gui_wv_scrollleft -id  Wave.1  line
gui_wv_scrollleft -id  Wave.1  line
gui_wv_scrollleft -id  Wave.1  line
gui_wv_scrollleft -id  Wave.1  line
gui_wv_scrollleft -id  Wave.1  line
gui_wv_scrollleft -id  Wave.1  line
gui_wv_scrollleft -id  Wave.1  line
gui_wv_scrollleft -id  Wave.1  line
gui_wv_scrollleft -id  Wave.1  line
gui_close_window -window TopLevel.2
gui_close_db -file /home/warehouse/c.ricciardi/GitHub/ESE488_FinalProject/top/top.vcd.vpd -design V1
gui_open_db -file /home/warehouse/c.ricciardi/GitHub/ESE488_FinalProject/top/top.vcd -design V1
gui_list_expand -id  Hier.1   top_tb
gui_list_select -id Hier.1 -current_item_name top_tb.DUT -current_item_type Scope  -selected  { top_tb.DUT   }
gui_list_expand -id  Hier.1   top_tb.DUT
gui_list_select -id Hier.1 -current_item_name top_tb.DUT.SRAM_INPUT1 -current_item_type Scope  -selected  { top_tb.DUT.SRAM_INPUT1   }
gui_list_select -id Hier.1 -current_item_name top_tb.DUT.SIGMOID1 -current_item_type Scope  -selected  { top_tb.DUT.SIGMOID1   }
gui_open_window Wave
gui_list_add -id Wave.1 -from Hier.1 { top_tb.DUT.SIGMOID1 } -insertionbar
gui_zoom -window Wave.1 -full
gui_wv_zoom_timerange -id  Wave.1 14814987 18936247
gui_wv_zoom_timerange -id  Wave.1 15441060 17135478
gui_wv_zoom_timerange -id  Wave.1 15723929 16078993
gui_wv_zoom_timerange -id  Wave.1 15790930 15891233
gui_marker_move -id  Wave.1 C1 15845613
gui_wv_scroll_hslidermove -id  Wave.1 0
gui_zoom -window Wave.1 -factor 0.5
gui_zoom -window Wave.1 -factor 0.5
gui_zoom -window Wave.1 -factor 0.5
gui_zoom -window Wave.1 -factor 0.5
gui_zoom -window Wave.1 -factor 0.5
gui_zoom -window Wave.1 -factor 0.5
gui_zoom -window Wave.1 -factor 0.5
gui_zoom -window Wave.1 -factor 0.5
gui_zoom -window Wave.1 -factor 0.5
gui_zoom -window Wave.1 -factor 2
gui_zoom -window Wave.1 -factor 2
gui_wv_scroll_hslidermove -id  Wave.1 0
gui_wv_scroll_hslidermove -id  Wave.1 564
gui_marker_move -id  Wave.1 C1 18559862
gui_close_window -window TopLevel.2
gui_close_db -file /home/warehouse/c.ricciardi/GitHub/ESE488_FinalProject/top/top.vcd.vpd -design V1
gui_open_db -file /home/warehouse/c.ricciardi/GitHub/ESE488_FinalProject/top/top.vcd -design V1
gui_list_expand -id  Hier.1   top_tb
gui_list_expand -id  Hier.1   top_tb.DUT
gui_list_select -id Hier.1 -current_item_name top_tb -current_item_type Scope  -selected  { top_tb   }
gui_open_window Wave
gui_list_add -id Wave.1 -from Hier.1 { top_tb } -insertionbar
gui_zoom -window Wave.1 -full
gui_wv_zoom_timerange -id  Wave.1 574020517 2441666983
gui_wv_zoom_timerange -id  Wave.1 1077488346 2467076764
gui_wv_zoom_timerange -id  Wave.1 1636544450 2198645866
gui_wv_zoom_timerange -id  Wave.1 1798128137 2016557467
gui_wv_zoom_timerange -id  Wave.1 1884749630 1929362517
gui_marker_move -id  Wave.1 C1 1911540000
gui_wv_zoom_timerange -id  Wave.1 1897467736 1911017274
gui_wv_zoom_timerange -id  Wave.1 1900996587 1906675174
gui_wv_zoom_timerange -id  Wave.1 1902740866 1905218657
gui_wv_zoom_timerange -id  Wave.1 1903436417 1904389414
gui_wv_zoom_timerange -id  Wave.1 1903672176 1904079159
gui_wv_zoom_timerange -id  Wave.1 1903814117 1903904797
gui_zoom -window Wave.1 -full
gui_zoom -window Wave.1 -full
gui_close_window -window TopLevel.2
gui_list_select -id Hier.1 -current_item_name top_tb.DUT.SIGMOID1 -current_item_type Scope  -selected  { top_tb.DUT.SIGMOID1   }
gui_list_action -id  Hier.1 top_tb.DUT.SIGMOID1
gui_open_window Wave
gui_list_add -id Wave.1 -from Hier.1 { top_tb.DUT.SIGMOID1 } -insertionbar
gui_zoom -window Wave.1 -full
gui_wv_zoom_timerange -id  Wave.1 0 591443201
gui_wv_zoom_timerange -id  Wave.1 0 105250185
gui_wv_zoom_timerange -id  Wave.1 0 20127525
gui_wv_zoom_timerange -id  Wave.1 0 16599194
gui_wv_scrollright -id  Wave.1  line
gui_wv_scrollright -id  Wave.1  line
gui_wv_scrollright -id  Wave.1  line
gui_wv_scrollright -id  Wave.1  line
gui_wv_scrollright -id  Wave.1  line
gui_wv_scrollright -id  Wave.1  line
gui_wv_scrollright -id  Wave.1  line
gui_wv_scrollright -id  Wave.1  line
gui_wv_scrollright -id  Wave.1  line
gui_wv_scrollright -id  Wave.1  line
gui_wv_scrollright -id  Wave.1  line
gui_wv_scrollright -id  Wave.1  line
gui_wv_scrollright -id  Wave.1  line
gui_wv_scrollright -id  Wave.1  line
gui_wv_scrollright -id  Wave.1  line
gui_wv_scrollright -id  Wave.1  line
gui_wv_scrollright -id  Wave.1  line
gui_wv_scrollright -id  Wave.1  line
gui_wv_scrollright -id  Wave.1  line
gui_wv_scrollright -id  Wave.1  line
gui_wv_scrollright -id  Wave.1  line
gui_wv_scrollright -id  Wave.1  line
gui_wv_scrollright -id  Wave.1  line
gui_wv_scrollright -id  Wave.1  line
gui_wv_scrollright -id  Wave.1  line
gui_wv_scrollright -id  Wave.1  line
gui_wv_scrollright -id  Wave.1  line
gui_wv_scrollright -id  Wave.1  line
gui_wv_scrollright -id  Wave.1  line
gui_wv_scrollright -id  Wave.1  line
gui_wv_scrollright -id  Wave.1  line
gui_wv_scrollright -id  Wave.1  line
gui_wv_scrollright -id  Wave.1  line
gui_wv_scrollright -id  Wave.1  line
gui_wv_scrollright -id  Wave.1  line
gui_wv_scrollright -id  Wave.1  line
gui_wv_scrollright -id  Wave.1  line
gui_wv_scrollright -id  Wave.1  line
gui_wv_scrollright -id  Wave.1  line
gui_wv_scrollright -id  Wave.1  line
gui_wv_scrollright -id  Wave.1  line
gui_wv_scrollright -id  Wave.1  line
gui_wv_scrollright -id  Wave.1  line
gui_wv_scrollright -id  Wave.1  line
gui_wv_scrollright -id  Wave.1  line
gui_wv_scrollright -id  Wave.1  line
gui_wv_scrollright -id  Wave.1  line
gui_wv_scrollright -id  Wave.1  line
gui_wv_scrollleft -id  Wave.1  line
gui_wv_scrollleft -id  Wave.1  line
gui_wv_scrollleft -id  Wave.1  line
gui_wv_scrollleft -id  Wave.1  line
gui_wv_scrollleft -id  Wave.1  line
gui_wv_scrollleft -id  Wave.1  line
gui_wv_scrollleft -id  Wave.1  line
gui_wv_scrollleft -id  Wave.1  line
gui_wv_scrollleft -id  Wave.1  line
gui_wv_scrollleft -id  Wave.1  line
gui_wv_scrollleft -id  Wave.1  line
gui_wv_scrollleft -id  Wave.1  line
gui_wv_scrollleft -id  Wave.1  line
gui_wv_scrollleft -id  Wave.1  line
gui_wv_scrollleft -id  Wave.1  line
gui_wv_scrollleft -id  Wave.1  line
gui_wv_scrollleft -id  Wave.1  line
gui_wv_scrollleft -id  Wave.1  line
gui_wv_scrollleft -id  Wave.1  line
gui_wv_scrollleft -id  Wave.1  line
gui_wv_scrollleft -id  Wave.1  line
gui_wv_scrollleft -id  Wave.1  line
gui_wv_scrollleft -id  Wave.1  line
gui_wv_scrollleft -id  Wave.1  line
gui_wv_scrollleft -id  Wave.1  line
gui_wv_scrollleft -id  Wave.1  line
gui_wv_scrollleft -id  Wave.1  line
gui_wv_scrollleft -id  Wave.1  line
gui_wv_scrollleft -id  Wave.1  line
gui_wv_scrollleft -id  Wave.1  line
gui_wv_scrollleft -id  Wave.1  line
gui_wv_scrollleft -id  Wave.1  line
gui_wv_scrollleft -id  Wave.1  line
gui_wv_scrollleft -id  Wave.1  line
gui_wv_scrollleft -id  Wave.1  line
gui_wv_scrollright -id  Wave.1  line
gui_wv_scrollright -id  Wave.1  line
gui_wv_scrollright -id  Wave.1  line
gui_wv_scrollright -id  Wave.1  line
gui_wv_scrollright -id  Wave.1  line
gui_wv_scrollright -id  Wave.1  line
gui_wv_scrollright -id  Wave.1  line
gui_wv_scrollright -id  Wave.1  line
gui_wv_scrollright -id  Wave.1  line
gui_wv_scrollright -id  Wave.1  line
gui_wv_scrollright -id  Wave.1  line
gui_wv_scrollright -id  Wave.1  line
gui_wv_scrollright -id  Wave.1  line
gui_wv_scrollright -id  Wave.1  line
gui_wv_scrollright -id  Wave.1  line
gui_wv_scrollright -id  Wave.1  line
gui_wv_scrollright -id  Wave.1  line
gui_wv_scrollright -id  Wave.1  line
gui_wv_scrollright -id  Wave.1  line
gui_wv_scrollright -id  Wave.1  line
gui_wv_scrollright -id  Wave.1  line
gui_wv_scrollright -id  Wave.1  line
gui_wv_scrollright -id  Wave.1  line
gui_wv_scrollright -id  Wave.1  line
gui_wv_scrollright -id  Wave.1  line
gui_wv_scrollright -id  Wave.1  line
gui_wv_scrollright -id  Wave.1  line
gui_wv_scrollright -id  Wave.1  line
gui_wv_scrollright -id  Wave.1  line
gui_wv_scrollright -id  Wave.1  line
gui_wv_scrollright -id  Wave.1  line
gui_wv_scrollright -id  Wave.1  line
gui_wv_scrollright -id  Wave.1  line
gui_wv_scrollright -id  Wave.1  line
gui_wv_scrollright -id  Wave.1  line
gui_wv_scrollright -id  Wave.1  line
gui_wv_scrollright -id  Wave.1  line
gui_wv_scrollright -id  Wave.1  line
gui_wv_scrollright -id  Wave.1  line
gui_wv_scrollright -id  Wave.1  line
gui_wv_scrollright -id  Wave.1  line
gui_wv_scrollright -id  Wave.1  line
gui_wv_scrollright -id  Wave.1  line
gui_wv_scrollright -id  Wave.1  line
gui_wv_scrollright -id  Wave.1  line
gui_wv_scrollright -id  Wave.1  line
gui_wv_scrollright -id  Wave.1  line
gui_wv_scrollright -id  Wave.1  line
gui_wv_scrollright -id  Wave.1  line
gui_wv_scrollright -id  Wave.1  line
gui_wv_scrollright -id  Wave.1  line
gui_wv_scrollright -id  Wave.1  line
gui_wv_scrollright -id  Wave.1  line
gui_wv_scrollright -id  Wave.1  line
gui_wv_scrollright -id  Wave.1  line
gui_wv_scrollright -id  Wave.1  line
gui_wv_scrollright -id  Wave.1  line
gui_wv_scrollright -id  Wave.1  line
gui_wv_scrollright -id  Wave.1  line
gui_wv_scrollright -id  Wave.1  line
gui_wv_scrollright -id  Wave.1  line
gui_wv_scrollright -id  Wave.1  line
gui_wv_scrollright -id  Wave.1  line
gui_wv_scrollright -id  Wave.1  line
gui_wv_scrollright -id  Wave.1  line
gui_wv_scrollright -id  Wave.1  line
gui_wv_scrollright -id  Wave.1  line
gui_wv_scrollright -id  Wave.1  line
gui_wv_scrollright -id  Wave.1  line
gui_wv_scrollright -id  Wave.1  line
gui_wv_scrollright -id  Wave.1  line
gui_wv_scrollright -id  Wave.1  line
gui_wv_scrollright -id  Wave.1  line
gui_wv_scrollright -id  Wave.1  line
gui_wv_scrollright -id  Wave.1  line
gui_wv_scrollright -id  Wave.1  line
gui_wv_scrollright -id  Wave.1  line
gui_wv_scrollright -id  Wave.1  line
gui_wv_scrollright -id  Wave.1  line
gui_wv_scrollright -id  Wave.1  line
gui_wv_scrollright -id  Wave.1  line
gui_wv_scrollright -id  Wave.1  line
gui_wv_scrollright -id  Wave.1  line
gui_wv_scrollright -id  Wave.1  line
gui_wv_scrollright -id  Wave.1  line
gui_wv_scrollright -id  Wave.1  line
gui_wv_scrollright -id  Wave.1  line
gui_wv_scrollright -id  Wave.1  line
gui_wv_scrollright -id  Wave.1  line
gui_wv_scrollright -id  Wave.1  line
gui_wv_scrollright -id  Wave.1  line
gui_wv_scrollright -id  Wave.1  line
gui_wv_scrollright -id  Wave.1  line
gui_wv_scrollright -id  Wave.1  line
gui_wv_scrollright -id  Wave.1  line
gui_wv_scrollright -id  Wave.1  line
gui_wv_scrollright -id  Wave.1  line
gui_wv_scrollright -id  Wave.1  line
gui_wv_scrollright -id  Wave.1  line
gui_wv_scrollright -id  Wave.1  line
gui_wv_scrollright -id  Wave.1  line
gui_wv_scrollright -id  Wave.1  line
gui_wv_scrollright -id  Wave.1  line
gui_wv_scrollright -id  Wave.1  line
gui_wv_scrollright -id  Wave.1  line
gui_wv_scrollright -id  Wave.1  line
gui_wv_scrollright -id  Wave.1  line
gui_wv_scrollright -id  Wave.1  line
gui_wv_scrollright -id  Wave.1  line
gui_wv_scrollright -id  Wave.1  line
gui_wv_scrollright -id  Wave.1  line
gui_wv_scrollright -id  Wave.1  line
gui_wv_scrollright -id  Wave.1  line
gui_wv_scrollright -id  Wave.1  line
gui_wv_scrollright -id  Wave.1  line
gui_wv_scrollright -id  Wave.1  line
gui_wv_scrollright -id  Wave.1  line
gui_wv_scrollright -id  Wave.1  line
gui_wv_scrollright -id  Wave.1  line
gui_wv_scrollright -id  Wave.1  line
gui_wv_scrollright -id  Wave.1  line
gui_wv_scrollright -id  Wave.1  line
gui_wv_scrollright -id  Wave.1  line
gui_wv_scrollright -id  Wave.1  line
gui_wv_scrollright -id  Wave.1  line
gui_wv_scrollright -id  Wave.1  line
gui_wv_scrollright -id  Wave.1  line
gui_wv_scrollright -id  Wave.1  line
gui_wv_scrollright -id  Wave.1  line
gui_wv_scrollright -id  Wave.1  line
gui_wv_scrollright -id  Wave.1  line
gui_wv_scrollright -id  Wave.1  line
gui_wv_scrollright -id  Wave.1  line
gui_wv_scrollright -id  Wave.1  line
gui_wv_scrollright -id  Wave.1  line
gui_wv_scrollright -id  Wave.1  line
gui_wv_scrollright -id  Wave.1  line
gui_wv_scrollright -id  Wave.1  line
gui_wv_scrollright -id  Wave.1  line
gui_wv_scrollright -id  Wave.1  line
gui_wv_scrollright -id  Wave.1  line
gui_wv_scrollright -id  Wave.1  line
gui_wv_scrollright -id  Wave.1  line
gui_wv_scrollright -id  Wave.1  line
gui_wv_scrollright -id  Wave.1  line
gui_wv_scrollright -id  Wave.1  line
gui_wv_scrollright -id  Wave.1  line
gui_wv_scrollright -id  Wave.1  line
gui_wv_scrollright -id  Wave.1  line
gui_wv_scrollright -id  Wave.1  line
gui_wv_scrollright -id  Wave.1  line
gui_wv_scrollright -id  Wave.1  line
gui_wv_scrollright -id  Wave.1  line
gui_wv_scrollright -id  Wave.1  line
gui_wv_scrollright -id  Wave.1  line
gui_wv_scrollright -id  Wave.1  line
gui_wv_scrollright -id  Wave.1  line
gui_wv_scrollright -id  Wave.1  line
gui_wv_scrollright -id  Wave.1  line
gui_wv_scrollright -id  Wave.1  line
gui_wv_scrollright -id  Wave.1  line
gui_wv_scrollright -id  Wave.1  line
gui_wv_scrollright -id  Wave.1  line
gui_wv_scrollright -id  Wave.1  line
gui_wv_scrollright -id  Wave.1  line
gui_wv_scrollright -id  Wave.1  line
gui_wv_scrollright -id  Wave.1  line
gui_wv_scrollright -id  Wave.1  line
gui_wv_scrollright -id  Wave.1  line
gui_wv_scrollright -id  Wave.1  line
gui_wv_scrollright -id  Wave.1  line
gui_wv_scrollright -id  Wave.1  line
gui_wv_scrollright -id  Wave.1  line
gui_wv_scrollright -id  Wave.1  line
gui_wv_scrollright -id  Wave.1  line
gui_wv_scrollright -id  Wave.1  line
gui_wv_scrollright -id  Wave.1  line
gui_wv_scrollright -id  Wave.1  line
gui_wv_scrollright -id  Wave.1  line
gui_wv_scrollright -id  Wave.1  line
gui_wv_scrollright -id  Wave.1  line
gui_wv_scrollright -id  Wave.1  line
gui_wv_scrollright -id  Wave.1  line
gui_wv_scrollright -id  Wave.1  line
gui_wv_scrollright -id  Wave.1  line
gui_wv_scrollright -id  Wave.1  line
gui_wv_scrollright -id  Wave.1  line
gui_wv_scrollright -id  Wave.1  line
gui_wv_scrollright -id  Wave.1  line
gui_wv_scrollright -id  Wave.1  line
gui_wv_scrollright -id  Wave.1  line
gui_wv_scrollright -id  Wave.1  line
gui_wv_scrollright -id  Wave.1  line
gui_wv_scrollright -id  Wave.1  line
gui_wv_scrollright -id  Wave.1  line
gui_wv_scrollright -id  Wave.1  line
gui_wv_scrollright -id  Wave.1  line
gui_wv_scrollright -id  Wave.1  line
gui_wv_scrollright -id  Wave.1  line
gui_wv_scrollright -id  Wave.1  line
gui_wv_scrollright -id  Wave.1  line
gui_wv_scrollright -id  Wave.1  line
gui_wv_scrollright -id  Wave.1  line
gui_wv_scrollright -id  Wave.1  line
gui_wv_scrollright -id  Wave.1  line
gui_wv_scrollright -id  Wave.1  line
gui_close_window -window TopLevel.2
